TN:
SF:./js/app.js
FN:4,(anonymous_1)
FNF:1
FNH:0
FNDA:0,(anonymous_1)
DA:1,1
DA:4,1
DA:5,0
DA:6,0
DA:7,0
DA:13,0
LF:6
LH:2
BRDA:6,1,0,0
BRDA:6,1,1,0
BRF:2
BRH:0
end_of_record
TN:
SF:./js/tabs.js
FN:4,(anonymous_1)
FN:7,(anonymous_2)
FN:8,(anonymous_3)
FN:14,(anonymous_4)
FN:20,(anonymous_5)
FN:32,(anonymous_6)
FN:38,(anonymous_7)
FNF:7
FNH:4
FNDA:4,(anonymous_1)
FNDA:7,(anonymous_2)
FNDA:9,(anonymous_3)
FNDA:7,(anonymous_4)
FNDA:0,(anonymous_5)
FNDA:0,(anonymous_6)
FNDA:0,(anonymous_7)
DA:1,1
DA:4,1
DA:5,4
DA:7,4
DA:8,7
DA:9,9
DA:11,7
DA:14,4
DA:15,7
DA:16,7
DA:20,1
DA:21,0
DA:32,1
DA:33,0
DA:39,0
LF:15
LH:12
BRDA:15,1,0,3
BRDA:15,1,1,4
BRF:2
BRH:2
end_of_record
